Feb-03 17:58:15.587 [main] DEBUG nextflow.cli.Launcher - $> nextflow run main.nf -profile local --manifest data/raw/breast_cancer_visium/breast_cancer_manifest.csv --dataset dlpfc --steps 01,02,03,04,05,06,07 -resume
Feb-03 17:58:15.668 [main] DEBUG nextflow.cli.CmdRun - N E X T F L O W  ~  version 25.10.3
Feb-03 17:58:15.690 [main] DEBUG nextflow.plugin.PluginsFacade - Setting up plugin manager > mode=prod; embedded=false; plugins-dir=/home/bit2310/.nextflow/plugins; core-plugins: nf-amazon@3.4.3,nf-azure@1.20.2,nf-cloudcache@0.5.0,nf-codecommit@0.5.0,nf-console@1.3.0,nf-google@1.23.4,nf-k8s@1.2.2,nf-tower@1.17.4,nf-wave@1.16.1
Feb-03 17:58:15.710 [main] INFO  o.pf4j.DefaultPluginStatusProvider - Enabled plugins: []
Feb-03 17:58:15.711 [main] INFO  o.pf4j.DefaultPluginStatusProvider - Disabled plugins: []
Feb-03 17:58:15.714 [main] INFO  org.pf4j.DefaultPluginManager - PF4J version 3.12.0 in 'deployment' mode
Feb-03 17:58:15.729 [main] DEBUG nextflow.util.RetryConfig - Missing nextflow session - using default retry config
Feb-03 17:58:15.870 [main] INFO  org.pf4j.AbstractPluginManager - No plugins
Feb-03 17:58:15.902 [main] DEBUG nextflow.config.ConfigBuilder - Found config local: /home/bit2310/Desktop/Spatial_Insights_Cohort/nextflow.config
Feb-03 17:58:15.905 [main] DEBUG nextflow.config.ConfigBuilder - Parsing config file: /home/bit2310/Desktop/Spatial_Insights_Cohort/nextflow.config
Feb-03 17:58:15.935 [main] DEBUG nextflow.config.ConfigBuilder - Applying config profile: `local`
Feb-03 17:58:16.415 [main] DEBUG nextflow.config.ConfigBuilder - Available config profiles: [local]
Feb-03 17:58:16.454 [main] DEBUG nextflow.plugin.PluginsFacade - Plugins default=[]
Feb-03 17:58:16.454 [main] DEBUG nextflow.plugin.PluginsFacade - Plugins resolved requirement=[]
Feb-03 17:58:16.468 [main] DEBUG n.secret.LocalSecretsProvider - Secrets store: /home/bit2310/.nextflow/secrets/store.json
Feb-03 17:58:16.471 [main] DEBUG nextflow.secret.SecretsLoader - Discovered secrets providers: [nextflow.secret.LocalSecretsProvider@6cbe7d4d] - activable => nextflow.secret.LocalSecretsProvider@6cbe7d4d
Feb-03 17:58:16.473 [main] DEBUG nextflow.cli.CmdRun - Applied DSL=2 from script declaration
Feb-03 17:58:16.486 [main] DEBUG nextflow.cli.CmdRun - Launching `main.nf` [elegant_williams] DSL2 - revision: 685b119668
Feb-03 17:58:16.537 [main] DEBUG nextflow.Session - Session UUID: 276377e1-74c1-4bb7-98d4-5a06d098c058
Feb-03 17:58:16.538 [main] DEBUG nextflow.Session - Run name: elegant_williams
Feb-03 17:58:16.538 [main] DEBUG nextflow.Session - Executor pool size: 16
Feb-03 17:58:16.549 [main] DEBUG nextflow.file.FilePorter - File porter settings maxRetries=3; maxTransfers=50; pollTimeout=null
Feb-03 17:58:16.556 [main] DEBUG nextflow.util.ThreadPoolBuilder - Creating thread pool 'FileTransfer' minSize=10; maxSize=48; workQueue=LinkedBlockingQueue[-1]; allowCoreThreadTimeout=false
Feb-03 17:58:16.576 [main] DEBUG nextflow.cli.CmdRun - 
  Version: 25.10.3 build 10983
  Created: 22-01-2026 15:34 UTC (10:34 EDT)
  System: Linux 6.17.9-76061709-generic
  Runtime: Groovy 4.0.28 on OpenJDK 64-Bit Server VM 17.0.18+8-Ubuntu-122.04.1
  Encoding: UTF-8 (UTF-8)
  Process: 119383@bit-pops [192.168.1.35]
  CPUs: 16 - Mem: 27.3 GB (8.3 GB) - Swap: 16 GB (16 GB)
Feb-03 17:58:16.605 [main] DEBUG nextflow.Session - Work-dir: /home/bit2310/Desktop/Spatial_Insights_Cohort/work [ext2/ext3]
Feb-03 17:58:16.605 [main] DEBUG nextflow.Session - Script base path does not exist or is not a directory: /home/bit2310/Desktop/Spatial_Insights_Cohort/bin
Feb-03 17:58:16.612 [main] DEBUG nextflow.executor.ExecutorFactory - Extension executors providers=[]
Feb-03 17:58:16.619 [main] DEBUG nextflow.Session - Observer factory (v2): LinObserverFactory
Feb-03 17:58:16.622 [main] DEBUG nextflow.Session - Observer factory (v2): DefaultObserverFactory
Feb-03 17:58:16.664 [main] DEBUG nextflow.cache.CacheFactory - Using Nextflow cache factory: nextflow.cache.DefaultCacheFactory
Feb-03 17:58:16.672 [main] DEBUG nextflow.util.CustomThreadPool - Creating default thread pool > poolSize: 17; maxThreads: 1000
Feb-03 17:58:16.723 [main] DEBUG nextflow.Session - Session start
Feb-03 17:58:16.729 [main] DEBUG nextflow.trace.TraceFileObserver - Workflow started -- trace file: /home/bit2310/Desktop/Spatial_Insights_Cohort/outputs/nf/trace.txt
Feb-03 17:58:17.317 [main] DEBUG nextflow.script.ScriptRunner - > Launching execution
Feb-03 17:58:17.842 [main] DEBUG nextflow.executor.ExecutorFactory - << taskConfig executor: local
Feb-03 17:58:17.843 [main] DEBUG nextflow.executor.ExecutorFactory - >> processorType: 'local'
Feb-03 17:58:17.853 [main] DEBUG nextflow.executor.Executor - [warm up] executor > local
Feb-03 17:58:17.860 [main] DEBUG n.processor.LocalPollingMonitor - Creating local task monitor for executor 'local' > cpus=16; memory=27.3 GB; capacity=16; pollInterval=100ms; dumpInterval=5m
Feb-03 17:58:17.863 [main] DEBUG n.processor.TaskPollingMonitor - >>> barrier register (monitor: local)
Feb-03 17:58:17.889 [main] DEBUG nextflow.processor.TaskProcessor - Creating process 'WRITE_METADATA': maxForks=0; fair=false; array=0
Feb-03 17:58:17.931 [main] DEBUG nextflow.executor.ExecutorFactory - << taskConfig executor: local
Feb-03 17:58:17.931 [main] DEBUG nextflow.executor.ExecutorFactory - >> processorType: 'local'
Feb-03 17:58:17.932 [main] DEBUG nextflow.processor.TaskProcessor - Creating process 'INGEST': maxForks=0; fair=false; array=0
Feb-03 17:58:17.940 [main] DEBUG nextflow.executor.ExecutorFactory - << taskConfig executor: local
Feb-03 17:58:17.940 [main] DEBUG nextflow.executor.ExecutorFactory - >> processorType: 'local'
Feb-03 17:58:17.941 [main] DEBUG nextflow.processor.TaskProcessor - Creating process 'QC': maxForks=0; fair=false; array=0
Feb-03 17:58:17.946 [main] DEBUG nextflow.executor.ExecutorFactory - << taskConfig executor: local
Feb-03 17:58:17.946 [main] DEBUG nextflow.executor.ExecutorFactory - >> processorType: 'local'
Feb-03 17:58:17.947 [main] DEBUG nextflow.processor.TaskProcessor - Creating process 'NORMALIZE': maxForks=0; fair=false; array=0
Feb-03 17:58:17.954 [main] DEBUG nextflow.executor.ExecutorFactory - << taskConfig executor: local
Feb-03 17:58:17.955 [main] DEBUG nextflow.executor.ExecutorFactory - >> processorType: 'local'
Feb-03 17:58:17.955 [main] DEBUG nextflow.processor.TaskProcessor - Creating process 'INTEGRATE': maxForks=0; fair=false; array=0
Feb-03 17:58:17.960 [main] DEBUG nextflow.executor.ExecutorFactory - << taskConfig executor: local
Feb-03 17:58:17.960 [main] DEBUG nextflow.executor.ExecutorFactory - >> processorType: 'local'
Feb-03 17:58:17.961 [main] DEBUG nextflow.processor.TaskProcessor - Creating process 'DOMAINS': maxForks=0; fair=false; array=0
Feb-03 17:58:17.966 [main] DEBUG nextflow.executor.ExecutorFactory - << taskConfig executor: local
Feb-03 17:58:17.966 [main] DEBUG nextflow.executor.ExecutorFactory - >> processorType: 'local'
Feb-03 17:58:17.967 [main] DEBUG nextflow.processor.TaskProcessor - Creating process 'SVG': maxForks=0; fair=false; array=0
Feb-03 17:58:17.971 [main] DEBUG nextflow.executor.ExecutorFactory - << taskConfig executor: local
Feb-03 17:58:17.971 [main] DEBUG nextflow.executor.ExecutorFactory - >> processorType: 'local'
Feb-03 17:58:17.972 [main] DEBUG nextflow.processor.TaskProcessor - Creating process 'NEIGHBORHOOD': maxForks=0; fair=false; array=0
Feb-03 17:58:17.988 [main] DEBUG nextflow.executor.ExecutorFactory - << taskConfig executor: local
Feb-03 17:58:17.988 [main] DEBUG nextflow.executor.ExecutorFactory - >> processorType: 'local'
Feb-03 17:58:17.988 [main] DEBUG nextflow.processor.TaskProcessor - Creating process 'VALIDATE': maxForks=0; fair=false; array=0
Feb-03 17:58:17.992 [main] DEBUG nextflow.executor.ExecutorFactory - << taskConfig executor: local
Feb-03 17:58:17.992 [main] DEBUG nextflow.executor.ExecutorFactory - >> processorType: 'local'
Feb-03 17:58:17.993 [main] DEBUG nextflow.processor.TaskProcessor - Creating process 'COLLECT_LOGS': maxForks=0; fair=false; array=0
Feb-03 17:58:17.996 [main] DEBUG nextflow.Session - Workflow process names [dsl2]: WRITE_METADATA, QC, SVG, INTEGRATE, VALIDATE, INGEST, NEIGHBORHOOD, COLLECT_LOGS, DOMAINS, NORMALIZE
Feb-03 17:58:17.998 [main] DEBUG nextflow.Session - Igniting dataflow network (11)
Feb-03 17:58:18.002 [main] DEBUG nextflow.processor.TaskProcessor - Starting process > WRITE_METADATA
Feb-03 17:58:18.002 [main] DEBUG nextflow.processor.TaskProcessor - Starting process > INGEST
Feb-03 17:58:18.003 [main] DEBUG nextflow.processor.TaskProcessor - Starting process > QC
Feb-03 17:58:18.003 [main] DEBUG nextflow.processor.TaskProcessor - Starting process > NORMALIZE
Feb-03 17:58:18.003 [main] DEBUG nextflow.processor.TaskProcessor - Starting process > INTEGRATE
Feb-03 17:58:18.003 [main] DEBUG nextflow.processor.TaskProcessor - Starting process > DOMAINS
Feb-03 17:58:18.003 [main] DEBUG nextflow.processor.TaskProcessor - Starting process > SVG
Feb-03 17:58:18.003 [main] DEBUG nextflow.processor.TaskProcessor - Starting process > NEIGHBORHOOD
Feb-03 17:58:18.003 [main] DEBUG nextflow.processor.TaskProcessor - Starting process > VALIDATE
Feb-03 17:58:18.003 [main] DEBUG nextflow.processor.TaskProcessor - Starting process > COLLECT_LOGS
Feb-03 17:58:18.004 [main] DEBUG nextflow.script.ScriptRunner - Parsed script files:
  Script_ababe9001e1fc2ab: /home/bit2310/Desktop/Spatial_Insights_Cohort/modules/ingest.nf
  Script_94e006ec060d9884: /home/bit2310/Desktop/Spatial_Insights_Cohort/modules/neighborhood.nf
  Script_7b06a0ce45d88715: /home/bit2310/Desktop/Spatial_Insights_Cohort/modules/validate.nf
  Script_be67850433f069f0: /home/bit2310/Desktop/Spatial_Insights_Cohort/modules/qc.nf
  Script_2ea36c209adddd28: /home/bit2310/Desktop/Spatial_Insights_Cohort/modules/integrate.nf
  Script_664da1ee645965e6: /home/bit2310/Desktop/Spatial_Insights_Cohort/modules/metadata.nf
  Script_f38b9efdb3f4c1f6: /home/bit2310/Desktop/Spatial_Insights_Cohort/main.nf
  Script_95112f622c0ad251: /home/bit2310/Desktop/Spatial_Insights_Cohort/modules/svg.nf
  Script_9872a518697d8224: /home/bit2310/Desktop/Spatial_Insights_Cohort/modules/normalize.nf
  Script_b168bc9804e4aeea: /home/bit2310/Desktop/Spatial_Insights_Cohort/modules/domains.nf
  Script_b988c213dffe05be: /home/bit2310/Desktop/Spatial_Insights_Cohort/modules/collect_logs.nf
Feb-03 17:58:18.004 [main] DEBUG nextflow.script.ScriptRunner - > Awaiting termination 
Feb-03 17:58:18.004 [main] DEBUG nextflow.Session - Session await
Feb-03 17:58:18.217 [Actor Thread 16] INFO  nextflow.processor.TaskProcessor - [28/785a25] Cached process > INGEST (BC_02)
Feb-03 17:58:18.217 [Actor Thread 14] INFO  nextflow.processor.TaskProcessor - [12/f2e106] Cached process > WRITE_METADATA (run_metadata)
Feb-03 17:58:18.217 [Actor Thread 13] INFO  nextflow.processor.TaskProcessor - [97/e738a1] Cached process > INGEST (BC_01)
Feb-03 17:58:18.270 [Actor Thread 14] INFO  nextflow.processor.TaskProcessor - [c9/df91df] Cached process > QC (BC_02)
Feb-03 17:58:18.270 [Actor Thread 9] INFO  nextflow.processor.TaskProcessor - [23/e05f76] Cached process > QC (BC_01)
Feb-03 17:58:18.291 [Actor Thread 9] INFO  nextflow.processor.TaskProcessor - [c9/e7a3db] Cached process > NORMALIZE (BC_01)
Feb-03 17:58:18.292 [Actor Thread 17] INFO  nextflow.processor.TaskProcessor - [42/1fe58f] Cached process > NORMALIZE (BC_02)
Feb-03 17:58:18.311 [Actor Thread 10] INFO  nextflow.processor.TaskProcessor - [b8/3dba83] Cached process > DOMAINS (BC_02)
Feb-03 17:58:18.311 [Actor Thread 11] INFO  nextflow.processor.TaskProcessor - [ac/8f4891] Cached process > DOMAINS (BC_01)
Feb-03 17:58:18.318 [Actor Thread 15] INFO  nextflow.processor.TaskProcessor - [f7/cd91e4] Cached process > INTEGRATE (cohort)
Feb-03 17:58:18.331 [Actor Thread 11] INFO  nextflow.processor.TaskProcessor - [72/f9b301] Cached process > SVG (BC_01)
Feb-03 17:58:18.332 [Actor Thread 16] INFO  nextflow.processor.TaskProcessor - [cd/28d866] Cached process > NEIGHBORHOOD (BC_01)
Feb-03 17:58:18.332 [Actor Thread 5] INFO  nextflow.processor.TaskProcessor - [16/4ab733] Cached process > NEIGHBORHOOD (BC_02)
Feb-03 17:58:18.393 [Task submitter] DEBUG n.executor.local.LocalTaskHandler - Launch cmd line: /bin/bash -ue .command.run
Feb-03 17:58:18.396 [Task submitter] INFO  nextflow.Session - [38/486858] Submitted process > SVG (BC_02)
Feb-03 17:58:31.432 [Task monitor] DEBUG n.processor.TaskPollingMonitor - Task completed > TaskHandler[id: 13; name: SVG (BC_02); status: COMPLETED; exit: 0; error: -; workDir: /home/bit2310/Desktop/Spatial_Insights_Cohort/work/38/486858b162f653088b164448869c7d]
Feb-03 17:58:31.433 [Task monitor] DEBUG nextflow.util.ThreadPoolBuilder - Creating thread pool 'TaskFinalizer' minSize=10; maxSize=48; workQueue=LinkedBlockingQueue[-1]; allowCoreThreadTimeout=false
Feb-03 17:58:31.459 [Task submitter] DEBUG n.executor.local.LocalTaskHandler - Launch cmd line: /bin/bash -ue .command.run
Feb-03 17:58:31.460 [Task submitter] INFO  nextflow.Session - [6d/96757b] Submitted process > VALIDATE (validate)
Feb-03 17:58:31.695 [Task monitor] DEBUG n.processor.TaskPollingMonitor - Task completed > TaskHandler[id: 15; name: VALIDATE (validate); status: COMPLETED; exit: 0; error: -; workDir: /home/bit2310/Desktop/Spatial_Insights_Cohort/work/6d/96757b438b4eead4c259f409962db1]
Feb-03 17:58:31.710 [Task submitter] DEBUG n.executor.local.LocalTaskHandler - Launch cmd line: /bin/bash -ue .command.run
Feb-03 17:58:31.711 [Task submitter] INFO  nextflow.Session - [4f/33eb1c] Submitted process > COLLECT_LOGS (collect_logs)
Feb-03 17:58:31.927 [Task monitor] DEBUG n.processor.TaskPollingMonitor - Task completed > TaskHandler[id: 16; name: COLLECT_LOGS (collect_logs); status: COMPLETED; exit: 0; error: -; workDir: /home/bit2310/Desktop/Spatial_Insights_Cohort/work/4f/33eb1c5a67f3e8fc56f1e303edeeb0]
Feb-03 17:58:31.929 [main] DEBUG nextflow.Session - Session await > all processes finished
Feb-03 17:58:32.027 [Task monitor] DEBUG n.processor.TaskPollingMonitor - <<< barrier arrives (monitor: local) - terminating tasks monitor poll loop
Feb-03 17:58:32.028 [main] DEBUG nextflow.Session - Session await > all barriers passed
Feb-03 17:58:32.030 [main] DEBUG nextflow.util.ThreadPoolManager - Thread pool 'TaskFinalizer' shutdown completed (hard=false)
Feb-03 17:58:32.036 [main] DEBUG n.trace.WorkflowStatsObserver - Workflow completed > WorkflowStats[succeededCount=3; failedCount=0; ignoredCount=0; cachedCount=13; pendingCount=0; submittedCount=0; runningCount=0; retriesCount=0; abortedCount=0; succeedDuration=13.4s; failedDuration=0ms; cachedDuration=9m 41s;loadCpus=0; loadMemory=0; peakRunning=1; peakCpus=1; peakMemory=0; ]
Feb-03 17:58:32.184 [main] DEBUG nextflow.trace.ReportObserver - Workflow completed -- rendering execution report
Feb-03 17:58:32.495 [main] DEBUG nextflow.trace.TimelineObserver - Workflow completed -- rendering execution timeline
Feb-03 17:58:32.535 [main] DEBUG nextflow.trace.TraceFileObserver - Workflow completed -- saving trace file
Feb-03 17:58:32.543 [main] DEBUG nextflow.cache.CacheDB - Closing CacheDB done
Feb-03 17:58:32.553 [main] DEBUG nextflow.util.ThreadPoolManager - Thread pool 'FileTransfer' shutdown completed (hard=false)
Feb-03 17:58:32.553 [main] DEBUG nextflow.script.ScriptRunner - > Execution complete -- Goodbye
